<?xml version="1.0" encoding="utf-8"?><testsuite errors="0" failures="0" name="pytest" skips="0" tests="6" time="15.080"><testcase classname="Test.test_add_group" file="Test\test_add_group.py" line="4" name="test_add_group[None:;;]" time="8.16015625"></testcase><testcase classname="Test.test_add_group" file="Test\test_add_group.py" line="4" name="test_add_group[None:nameNoMnqXKAk;header;footer0  1*AkVD]" time="1.130859136581421"></testcase><testcase classname="Test.test_add_group" file="Test\test_add_group.py" line="4" name="test_add_group[None:nameyJ\\ nP w;header{;footerqM -&gt;]" time="1.0751953125"></testcase><testcase classname="Test.test_add_group" file="Test\test_add_group.py" line="4" name="test_add_group[None:namere\\72&lt;;header&lt;6 p_p~uM mWH;footergOTv.A:]" time="1.674804449081421"></testcase><testcase classname="Test.test_add_group" file="Test\test_add_group.py" line="4" name="test_add_group[None:name=,xwX|L`;header 3I5\\*U&amp;(Sx&amp;Z*C;footerJ&lt;yfMSs ]" time="1.3486328125"></testcase><testcase classname="Test.test_add_group" file="Test\test_add_group.py" line="4" name="test_add_group[None:nameJ]~[mf}u;headerd/\\I8?xSK)e }}!  ;footer1]" time="1.667968988418579"></testcase></testsuite>